1 Token.Generic.Output
Token
Token.Generic
Token.Generic.Output
1 Token.Generic.Emph
Token
Token.Generic
Token.Generic.Emph
1 Token.Literal.String.Char
Token
Token.Literal
Token.Literal.String
Token.Literal.String.Char
1 Token.Literal.String
Token
Token.Literal
Token.Literal.String
1 Token.Literal.Number.Oct
Token
Token.Literal
Token.Literal.Number
Token.Literal.Number.Oct
1 Token.Comment.Single
Token
Token.Comment
Token.Comment.Single
1 Token.Literal.Number.Integer
Token
Token.Literal
Token.Literal.Number
Token.Literal.Number.Integer
1 Token.Name.Label
Token
Token.Name
Token.Name.Label
1 Token.Punctuation
Token
Token.Punctuation
1 Token.Text
Token
Token.Text
1 Token.Comment.Special
Token
Token.Comment
Token.Comment.Special
1 Token.Literal.String.Regex
Token
Token.Literal
Token.Literal.String
Token.Literal.String.Regex
1 Token.Keyword.Namespace
Token
Token.Keyword
Token.Keyword.Namespace
1 Token.Generic.Strong
Token
Token.Generic
Token.Generic.Strong
1 Token.Literal.Number.Integer.Long
Token
Token.Literal
Token.Literal.Number
Token.Literal.Number.Integer
Token.Literal.Number.Integer.Long
1 Token.Literal.String.Escape
Token
Token.Literal
Token.Literal.String
Token.Literal.String.Escape
1 Token.Keyword.Constant
Token
Token.Keyword
Token.Keyword.Constant
1 Token.Name.Constant
Token
Token.Name
Token.Name.Constant
1 Token.Name.Variable.Global
Token
Token.Name
Token.Name.Variable
Token.Name.Variable.Global
1 Token.Literal.String.Doc
Token
Token.Literal
Token.Literal.String
Token.Literal.String.Doc
1 Token.Literal.Date
Token
Token.Literal
Token.Literal.Date
1 Token.Name
Token
Token.Name
1 Token.Operator.Word
Token
Token.Operator
Token.Operator.Word
1 Token.Keyword.Reserved
Token
Token.Keyword
Token.Keyword.Reserved
1 Token.Literal.Number.Float
Token
Token.Literal
Token.Literal.Number
Token.Literal.Number.Float
1 Token.Name.Entity
Token
Token.Name
Token.Name.Entity
1 Token.Keyword
Token
Token.Keyword
1 Token.Text.Whitespace
Token
Token.Text
Token.Text.Whitespace
1 Token.Generic.Inserted
Token
Token.Generic
Token.Generic.Inserted
1 Token.Literal
Token
Token.Literal
1 Token.Name.Builtin.Pseudo
Token
Token.Name
Token.Name.Builtin
Token.Name.Builtin.Pseudo
1 Token.Generic.Traceback
Token
Token.Generic
Token.Generic.Traceback
1 Token.Name.Decorator
Token
Token.Name
Token.Name.Decorator
1 Token.Comment
Token
Token.Comment
1 Token.Generic.Error
Token
Token.Generic
Token.Generic.Error
1 Token.Name.Variable.Class
Token
Token.Name
Token.Name.Variable
Token.Name.Variable.Class
1 Token.Error
Token
Token.Error
1 Token.Keyword.Type
Token
Token.Keyword
Token.Keyword.Type
1 Token.Generic
Token
Token.Generic
1 Token.Literal.String.Backtick
Token
Token.Literal
Token.Literal.String
Token.Literal.String.Backtick
1 Token.Name.Other
Token
Token.Name
Token.Name.Other
1 Token.Name.Function
Token
Token.Name
Token.Name.Function
1 Token
Token
1 Token.Keyword.Pseudo
Token
Token.Keyword
Token.Keyword.Pseudo
1 Token.Comment.Preproc
Token
Token.Comment
Token.Comment.Preproc
1 Token.Name.Class
Token
Token.Name
Token.Name.Class
1 Token.Generic.Prompt
Token
Token.Generic
Token.Generic.Prompt
1 Token.Name.Attribute
Token
Token.Name
Token.Name.Attribute
1 Token.Literal.Number
Token
Token.Literal
Token.Literal.Number
1 Token.Name.Variable.Instance
Token
Token.Name
Token.Name.Variable
Token.Name.Variable.Instance
1 Token.Comment.Multiline
Token
Token.Comment
Token.Comment.Multiline
1 Token.Generic.Subheading
Token
Token.Generic
Token.Generic.Subheading
1 Token.Other
Token
Token.Other
1 Token.Name.Namespace
Token
Token.Name
Token.Name.Namespace
1 Token.Literal.String.Double
Token
Token.Literal
Token.Literal.String
Token.Literal.String.Double
1 Token.Name.Builtin
Token
Token.Name
Token.Name.Builtin
1 Token.Literal.String.Heredoc
Token
Token.Literal
Token.Literal.String
Token.Literal.String.Heredoc
1 Token.Name.Variable
Token
Token.Name
Token.Name.Variable
1 Token.Name.Tag
Token
Token.Name
Token.Name.Tag
1 Token.Generic.Heading
Token
Token.Generic
Token.Generic.Heading
1 Token.Literal.String.Symbol
Token
Token.Literal
Token.Literal.String
Token.Literal.String.Symbol
1 Token.Generic.Deleted
Token
Token.Generic
Token.Generic.Deleted
1 Token.Literal.Number.Hex
Token
Token.Literal
Token.Literal.Number
Token.Literal.Number.Hex
1 Token.Literal.String.Other
Token
Token.Literal
Token.Literal.String
Token.Literal.String.Other
1 Token.Name.Property
Token
Token.Name
Token.Name.Property
1 Token.Literal.String.Single
Token
Token.Literal
Token.Literal.String
Token.Literal.String.Single
1 Token.Operator
Token
Token.Operator
1 Token.Name.Exception
Token
Token.Name
Token.Name.Exception
1 Token.Literal.String.Interpol
Token
Token.Literal
Token.Literal.String
Token.Literal.String.Interpol
1 Token.Keyword.Declaration
Token
Token.Keyword
Token.Keyword.Declaration
1 Token.Generic.Emph
Token
Token.Generic
Token.Generic.Emph
1 Token.Name.Label
Token
Token.Name
Token.Name.Label
1 Token.Text.Whitespace
Token
Token.Text
Token.Text.Whitespace
1 Token.Generic.Strong
Token
Token.Generic
Token.Generic.Strong
1 Token.Literal.Number.Integer.Long
Token
Token.Literal
Token.Literal.Number
Token.Literal.Number.Integer
Token.Literal.Number.Integer.Long
1 Token.Generic.Subheading
Token
Token.Generic
Token.Generic.Subheading
1 Token.Name.Constant
Token
Token.Name
Token.Name.Constant
1 Token.Literal.Date
Token
Token.Literal
Token.Literal.Date
1 Token.Operator.Word
Token
Token.Operator
Token.Operator.Word
1 Token.Keyword.Reserved
Token
Token.Keyword
Token.Keyword.Reserved
1 Token.Keyword
Token
Token.Keyword
1 Token.Generic.Traceback
Token
Token.Generic
Token.Generic.Traceback
1 Token.Name.Variable.Class
Token
Token.Name
Token.Name.Variable
Token.Name.Variable.Class
1 Token.Error
Token
Token.Error
1 Token.Literal.String.Backtick
Token
Token.Literal
Token.Literal.String
Token.Literal.String.Backtick
1 Token.Keyword.Pseudo
Token
Token.Keyword
Token.Keyword.Pseudo
1 Token.Comment.Preproc
Token
Token.Comment
Token.Comment.Preproc
1 Token.Name.Attribute
Token
Token.Name
Token.Name.Attribute
1 Token.Literal.Number
Token
Token.Literal
Token.Literal.Number
1 Token.Name.Builtin
Token
Token.Name
Token.Name.Builtin
1 Token.Name.Variable
Token
Token.Name
Token.Name.Variable
1 Token.Name.Tag
Token
Token.Name
Token.Name.Tag
1 Token.Literal.String.Symbol
Token
Token.Literal
Token.Literal.String
Token.Literal.String.Symbol
1 Token
Token
1 Token.Generic.Heading
Token
Token.Generic
Token.Generic.Heading
1 Token.Name.Property
Token
Token.Name
Token.Name.Property
1 Token.Literal.String.Single
Token
Token.Literal
Token.Literal.String
Token.Literal.String.Single
1 Token.Name.Exception
Token
Token.Name
Token.Name.Exception
1 Token.Keyword.Declaration
Token
Token.Keyword
Token.Keyword.Declaration
1 Token.Generic.Output
Token
Token.Generic
Token.Generic.Output
1 Token.Literal.String.Char
Token
Token.Literal
Token.Literal.String
Token.Literal.String.Char
1 Token.Literal.String
Token
Token.Literal
Token.Literal.String
1 Token.Literal.Number.Oct
Token
Token.Literal
Token.Literal.Number
Token.Literal.Number.Oct
1 Token.Comment.Single
Token
Token.Comment
Token.Comment.Single
1 Token.Literal.Number.Integer
Token
Token.Literal
Token.Literal.Number
Token.Literal.Number.Integer
1 Token.Generic.Deleted
Token
Token.Generic
Token.Generic.Deleted
1 Token.Punctuation
Token
Token.Punctuation
1 Token.Text
Token
Token.Text
1 Token.Comment.Special
Token
Token.Comment
Token.Comment.Special
1 Token.Literal.String.Regex
Token
Token.Literal
Token.Literal.String
Token.Literal.String.Regex
1 Token.Keyword.Namespace
Token
Token.Keyword
Token.Keyword.Namespace
1 Token.Literal.String.Escape
Token
Token.Literal
Token.Literal.String
Token.Literal.String.Escape
1 Token.Literal.String.Other
Token
Token.Literal
Token.Literal.String
Token.Literal.String.Other
1 Token.Name.Variable.Global
Token
Token.Name
Token.Name.Variable
Token.Name.Variable.Global
1 Token.Literal.String.Doc
Token
Token.Literal
Token.Literal.String
Token.Literal.String.Doc
1 Token.Name
Token
Token.Name
1 Token.Literal.Number.Float
Token
Token.Literal
Token.Literal.Number
Token.Literal.Number.Float
1 Token.Name.Entity
Token
Token.Name
Token.Name.Entity
1 Token.Generic.Inserted
Token
Token.Generic
Token.Generic.Inserted
1 Token.Literal
Token
Token.Literal
1 Token.Name.Builtin.Pseudo
Token
Token.Name
Token.Name.Builtin
Token.Name.Builtin.Pseudo
1 Token.Name.Decorator
Token
Token.Name
Token.Name.Decorator
1 Token.Comment
Token
Token.Comment
1 Token.Generic.Error
Token
Token.Generic
Token.Generic.Error
1 Token.Keyword.Constant
Token
Token.Keyword
Token.Keyword.Constant
1 Token.Keyword.Type
Token
Token.Keyword
Token.Keyword.Type
1 Token.Generic
Token
Token.Generic
1 Token.Name.Other
Token
Token.Name
Token.Name.Other
1 Token.Name.Function
Token
Token.Name
Token.Name.Function
1 Token.Name.Class
Token
Token.Name
Token.Name.Class
1 Token.Generic.Prompt
Token
Token.Generic
Token.Generic.Prompt
1 Token.Name.Variable.Instance
Token
Token.Name
Token.Name.Variable
Token.Name.Variable.Instance
1 Token.Comment.Multiline
Token
Token.Comment
Token.Comment.Multiline
1 Token.Other
Token
Token.Other
1 Token.Name.Namespace
Token
Token.Name
Token.Name.Namespace
1 Token.Literal.String.Double
Token
Token.Literal
Token.Literal.String
Token.Literal.String.Double
1 Token.Literal.String.Heredoc
Token
Token.Literal
Token.Literal.String
Token.Literal.String.Heredoc
1 Token.Literal.Number.Hex
Token
Token.Literal
Token.Literal.Number
Token.Literal.Number.Hex
1 Token.Operator
Token
Token.Operator
1 Token.Literal.String.Interpol
Token
Token.Literal
Token.Literal.String
Token.Literal.String.Interpol
<div class="highlight"><pre><span class="nt">&lt;b&gt;&lt;span</span> <span class="na">class=</span><span class="s">&quot;lol&quot;</span><span class="nt">&gt;</span>test 123<span class="nt">&lt;/span&gt;&lt;/b&gt;</span>
</pre></div>
