{Token.Generic.Output: '', 
Token.Generic.Emph: '', 
Token.Literal.String.Char: '', 
Token.Literal.String: '', 
Token.Literal.Number.Oct: '', 
Token.Comment.Single: '', Token.Literal.Number.Integer: '', Token.Name.Label: '', Token.Punctuation: '', Token.Text: '', Token.Comment.Special: '', Token.Literal.String.Regex: '', Token.Keyword.Namespace: '', Token.Generic.Strong: '', Token.Literal.Number.Integer.Long: '', Token.Literal.String.Escape: '', Token.Keyword.Constant: '', Token.Name.Constant: '', Token.Name.Variable.Global: '', Token.Literal.String.Doc: '', Token.Literal.Date: '', Token.Name: '', Token.Operator.Word: '', Token.Keyword.Reserved: '', Token.Literal.Number.Float: '', Token.Name.Entity: '', Token.Keyword: '', Token.Text.Whitespace: '', Token.Generic.Inserted: '', Token.Literal: '', Token.Name.Builtin.Pseudo: '', Token.Generic.Traceback: '', Token.Name.Decorator: '', Token.Comment: '', Token.Generic.Error: '', Token.Name.Variable.Class: '', Token.Error: '', Token.Keyword.Type: '', Token.Generic: '', Token.Literal.String.Backtick: '', Token.Name.Other: '', Token.Name.Function: '', Token: '', Token.Keyword.Pseudo: '', Token.Comment.Preproc: '', Token.Name.Class: '', Token.Generic.Prompt: '', Token.Name.Attribute: '', Token.Literal.Number: '', Token.Name.Variable.Instance: '', Token.Comment.Multiline: '', Token.Generic.Subheading: '', Token.Other: '', Token.Name.Namespace: '', Token.Literal.String.Double: '', Token.Name.Builtin: '', Token.Literal.String.Heredoc: '', Token.Name.Variable: '', Token.Name.Tag: '', Token.Generic.Heading: '', Token.Literal.String.Symbol: '', Token.Generic.Deleted: '', Token.Literal.Number.Hex: '', Token.Literal.String.Other: '', Token.Name.Property: '', Token.Literal.String.Single: '', Token.Operator: '', Token.Name.Exception: '', Token.Literal.String.Interpol: '', Token.Keyword.Declaration: ''
}

{Token.Generic.Emph: 'italic', 
Token.Name.Label: '#A0A000', 
Token.Text.Whitespace: '#bbbbbb', 
Token.Generic.Strong: 'bold', 
Token.Literal.Number.Integer.Long: '', 
Token.Generic.Subheading: 'bold #800080', 
Token.Name.Constant: '#880000', 
Token.Literal.Date: '', 
Token.Operator.Word: 'bold #AA22FF', 
Token.Keyword.Reserved: '', 
Token.Keyword: 'bold #008000', 
Token.Generic.Traceback: '#04D', 
Token.Name.Variable.Class: '', 
Token.Error: 'border:#FF0000', 
Token.Literal.String.Backtick: '', 
Token.Keyword.Pseudo: 'nobold', 
Token.Comment.Preproc: 'noitalic #BC7A00', 
Token.Name.Attribute: '#7D9029', 
Token.Literal.Number: '#666666', 
Token.Name.Builtin: '#008000', 
Token.Name.Variable: '#19177C', 
Token.Name.Tag: 'bold #008000', 
Token.Literal.String.Symbol: '#19177C', 
Token: '', 
Token.Generic.Heading: 'bold #000080', 
Token.Name.Property: '', 
Token.Literal.String.Single: '', 
Token.Name.Exception: 'bold #D2413A', 
Token.Keyword.Declaration: '', 
Token.Generic.Output: '#888', 
Token.Literal.String.Char: '', 
Token.Literal.String: '#BA2121', 
Token.Literal.Number.Oct: '', 
Token.Comment.Single: '', 
Token.Literal.Number.Integer: '', 
Token.Generic.Deleted: '#A00000', 
Token.Punctuation: '', 
Token.Text: '', 
Token.Comment.Special: '', 
Token.Literal.String.Regex: '#BB6688', 
Token.Keyword.Namespace: '', 
Token.Literal.String.Escape: 'bold #BB6622', 
Token.Literal.String.Other: '#008000', 
Token.Name.Variable.Global: '', 
Token.Literal.String.Doc: 'italic', 
Token.Name: '', 
Token.Literal.Number.Float: '', 
Token.Name.Entity: 'bold #999999', 
Token.Generic.Inserted: '#00A000', 
Token.Literal: '', 
Token.Name.Builtin.Pseudo: '', 
Token.Name.Decorator: '#AA22FF', 
Token.Comment: 'italic #408080', 
Token.Generic.Error: '#FF0000', 
Token.Keyword.Constant: '', 
Token.Keyword.Type: 'nobold #B00040', 
Token.Generic: '', 
Token.Name.Other: '', 
Token.Name.Function: '#0000FF', 
Token.Name.Class: 'bold #0000FF', 
Token.Generic.Prompt: 'bold #000080', 
Token.Name.Variable.Instance: '', 
Token.Comment.Multiline: '', 
Token.Other: '', 
Token.Name.Namespace: 'bold #0000FF', 
Token.Literal.String.Double: '', 
Token.Literal.String.Heredoc: '', 
Token.Literal.Number.Hex: '', 
Token.Operator: '#666666', 
Token.Literal.String.Interpol: 'bold #BB6688'}


<div class="highlight"><pre><span class="nt">&lt;b&gt;&lt;span</span> <span class="na">class=</span><span class="s">&quot;lol&quot;</span><span class="nt">&gt;</span>test 123<span class="nt">&lt;/span&gt;&lt;/b&gt;</span>
</pre></div>
